2023-07-24 21:57:24 [ERROR]: uncaughtException: collectionName is not defined
ReferenceError: collectionName is not defined
    at Object.<anonymous> (C:\Users\Rafa\Desktop\DEFINITIVO\NODEJS\plantilla-nodejs-MVC\src\app\models\User.js:4:36)
    at Module._compile (node:internal/modules/cjs/loader:1159:14)
    at Module._extensions..js (node:internal/modules/cjs/loader:1213:10)
    at Module.load (node:internal/modules/cjs/loader:1037:32)
    at Module._load (node:internal/modules/cjs/loader:878:12)
    at Module.require (node:internal/modules/cjs/loader:1061:19)
    at require (node:internal/modules/cjs/helpers:103:18)
    at Object.<anonymous> (C:\Users\Rafa\Desktop\DEFINITIVO\NODEJS\plantilla-nodejs-MVC\src\app\controllers\HomeController.js:1:14)
    at Module._compile (node:internal/modules/cjs/loader:1159:14)
    at Module._extensions..js (node:internal/modules/cjs/loader:1213:10)
ReferenceError: collectionName is not defined
    at Object.<anonymous> (C:\Users\Rafa\Desktop\DEFINITIVO\NODEJS\plantilla-nodejs-MVC\src\app\models\User.js:4:36)
    at Module._compile (node:internal/modules/cjs/loader:1159:14)
    at Module._extensions..js (node:internal/modules/cjs/loader:1213:10)
    at Module.load (node:internal/modules/cjs/loader:1037:32)
    at Module._load (node:internal/modules/cjs/loader:878:12)
    at Module.require (node:internal/modules/cjs/loader:1061:19)
    at require (node:internal/modules/cjs/helpers:103:18)
    at Object.<anonymous> (C:\Users\Rafa\Desktop\DEFINITIVO\NODEJS\plantilla-nodejs-MVC\src\app\controllers\HomeController.js:1:14)
    at Module._compile (node:internal/modules/cjs/loader:1159:14)
    at Module._extensions..js (node:internal/modules/cjs/loader:1213:10)
2023-07-24 21:58:27 [ERROR]: uncaughtException: collectionName is not defined
ReferenceError: collectionName is not defined
    at Object.<anonymous> (C:\Users\Rafa\Desktop\DEFINITIVO\NODEJS\plantilla-nodejs-MVC\src\app\models\User.js:4:36)
    at Module._compile (node:internal/modules/cjs/loader:1159:14)
    at Module._extensions..js (node:internal/modules/cjs/loader:1213:10)
    at Module.load (node:internal/modules/cjs/loader:1037:32)
    at Module._load (node:internal/modules/cjs/loader:878:12)
    at Module.require (node:internal/modules/cjs/loader:1061:19)
    at require (node:internal/modules/cjs/helpers:103:18)
    at Object.<anonymous> (C:\Users\Rafa\Desktop\DEFINITIVO\NODEJS\plantilla-nodejs-MVC\src\app\controllers\HomeController.js:1:14)
    at Module._compile (node:internal/modules/cjs/loader:1159:14)
    at Module._extensions..js (node:internal/modules/cjs/loader:1213:10)
ReferenceError: collectionName is not defined
    at Object.<anonymous> (C:\Users\Rafa\Desktop\DEFINITIVO\NODEJS\plantilla-nodejs-MVC\src\app\models\User.js:4:36)
    at Module._compile (node:internal/modules/cjs/loader:1159:14)
    at Module._extensions..js (node:internal/modules/cjs/loader:1213:10)
    at Module.load (node:internal/modules/cjs/loader:1037:32)
    at Module._load (node:internal/modules/cjs/loader:878:12)
    at Module.require (node:internal/modules/cjs/loader:1061:19)
    at require (node:internal/modules/cjs/helpers:103:18)
    at Object.<anonymous> (C:\Users\Rafa\Desktop\DEFINITIVO\NODEJS\plantilla-nodejs-MVC\src\app\controllers\HomeController.js:1:14)
    at Module._compile (node:internal/modules/cjs/loader:1159:14)
    at Module._extensions..js (node:internal/modules/cjs/loader:1213:10)
2023-07-24 21:58:30 [ERROR]: uncaughtException: Schema is not defined
ReferenceError: Schema is not defined
    at Object.<anonymous> (C:\Users\Rafa\Desktop\DEFINITIVO\NODEJS\plantilla-nodejs-MVC\src\app\models\User.js:4:20)
    at Module._compile (node:internal/modules/cjs/loader:1159:14)
    at Module._extensions..js (node:internal/modules/cjs/loader:1213:10)
    at Module.load (node:internal/modules/cjs/loader:1037:32)
    at Module._load (node:internal/modules/cjs/loader:878:12)
    at Module.require (node:internal/modules/cjs/loader:1061:19)
    at require (node:internal/modules/cjs/helpers:103:18)
    at Object.<anonymous> (C:\Users\Rafa\Desktop\DEFINITIVO\NODEJS\plantilla-nodejs-MVC\src\app\controllers\HomeController.js:1:14)
    at Module._compile (node:internal/modules/cjs/loader:1159:14)
    at Module._extensions..js (node:internal/modules/cjs/loader:1213:10)
ReferenceError: Schema is not defined
    at Object.<anonymous> (C:\Users\Rafa\Desktop\DEFINITIVO\NODEJS\plantilla-nodejs-MVC\src\app\models\User.js:4:20)
    at Module._compile (node:internal/modules/cjs/loader:1159:14)
    at Module._extensions..js (node:internal/modules/cjs/loader:1213:10)
    at Module.load (node:internal/modules/cjs/loader:1037:32)
    at Module._load (node:internal/modules/cjs/loader:878:12)
    at Module.require (node:internal/modules/cjs/loader:1061:19)
    at require (node:internal/modules/cjs/helpers:103:18)
    at Object.<anonymous> (C:\Users\Rafa\Desktop\DEFINITIVO\NODEJS\plantilla-nodejs-MVC\src\app\controllers\HomeController.js:1:14)
    at Module._compile (node:internal/modules/cjs/loader:1159:14)
    at Module._extensions..js (node:internal/modules/cjs/loader:1213:10)
2023-07-24 21:58:37 [ERROR]: uncaughtException: Schema is not defined
ReferenceError: Schema is not defined
    at Object.<anonymous> (C:\Users\Rafa\Desktop\DEFINITIVO\NODEJS\plantilla-nodejs-MVC\src\app\models\User.js:4:20)
    at Module._compile (node:internal/modules/cjs/loader:1159:14)
    at Module._extensions..js (node:internal/modules/cjs/loader:1213:10)
    at Module.load (node:internal/modules/cjs/loader:1037:32)
    at Module._load (node:internal/modules/cjs/loader:878:12)
    at Module.require (node:internal/modules/cjs/loader:1061:19)
    at require (node:internal/modules/cjs/helpers:103:18)
    at Object.<anonymous> (C:\Users\Rafa\Desktop\DEFINITIVO\NODEJS\plantilla-nodejs-MVC\src\app\controllers\HomeController.js:1:14)
    at Module._compile (node:internal/modules/cjs/loader:1159:14)
    at Module._extensions..js (node:internal/modules/cjs/loader:1213:10)
ReferenceError: Schema is not defined
    at Object.<anonymous> (C:\Users\Rafa\Desktop\DEFINITIVO\NODEJS\plantilla-nodejs-MVC\src\app\models\User.js:4:20)
    at Module._compile (node:internal/modules/cjs/loader:1159:14)
    at Module._extensions..js (node:internal/modules/cjs/loader:1213:10)
    at Module.load (node:internal/modules/cjs/loader:1037:32)
    at Module._load (node:internal/modules/cjs/loader:878:12)
    at Module.require (node:internal/modules/cjs/loader:1061:19)
    at require (node:internal/modules/cjs/helpers:103:18)
    at Object.<anonymous> (C:\Users\Rafa\Desktop\DEFINITIVO\NODEJS\plantilla-nodejs-MVC\src\app\controllers\HomeController.js:1:14)
    at Module._compile (node:internal/modules/cjs/loader:1159:14)
    at Module._extensions..js (node:internal/modules/cjs/loader:1213:10)
2023-07-24 21:58:44 [ERROR]: uncaughtException: collectionName is not defined
ReferenceError: collectionName is not defined
    at Object.<anonymous> (C:\Users\Rafa\Desktop\DEFINITIVO\NODEJS\plantilla-nodejs-MVC\src\app\models\User.js:4:36)
    at Module._compile (node:internal/modules/cjs/loader:1159:14)
    at Module._extensions..js (node:internal/modules/cjs/loader:1213:10)
    at Module.load (node:internal/modules/cjs/loader:1037:32)
    at Module._load (node:internal/modules/cjs/loader:878:12)
    at Module.require (node:internal/modules/cjs/loader:1061:19)
    at require (node:internal/modules/cjs/helpers:103:18)
    at Object.<anonymous> (C:\Users\Rafa\Desktop\DEFINITIVO\NODEJS\plantilla-nodejs-MVC\src\app\controllers\HomeController.js:1:14)
    at Module._compile (node:internal/modules/cjs/loader:1159:14)
    at Module._extensions..js (node:internal/modules/cjs/loader:1213:10)
ReferenceError: collectionName is not defined
    at Object.<anonymous> (C:\Users\Rafa\Desktop\DEFINITIVO\NODEJS\plantilla-nodejs-MVC\src\app\models\User.js:4:36)
    at Module._compile (node:internal/modules/cjs/loader:1159:14)
    at Module._extensions..js (node:internal/modules/cjs/loader:1213:10)
    at Module.load (node:internal/modules/cjs/loader:1037:32)
    at Module._load (node:internal/modules/cjs/loader:878:12)
    at Module.require (node:internal/modules/cjs/loader:1061:19)
    at require (node:internal/modules/cjs/helpers:103:18)
    at Object.<anonymous> (C:\Users\Rafa\Desktop\DEFINITIVO\NODEJS\plantilla-nodejs-MVC\src\app\controllers\HomeController.js:1:14)
    at Module._compile (node:internal/modules/cjs/loader:1159:14)
    at Module._extensions..js (node:internal/modules/cjs/loader:1213:10)
2023-07-24 21:58:46 [ERROR]: uncaughtException: collectionName is not defined
ReferenceError: collectionName is not defined
    at Object.<anonymous> (C:\Users\Rafa\Desktop\DEFINITIVO\NODEJS\plantilla-nodejs-MVC\src\app\models\User.js:4:36)
    at Module._compile (node:internal/modules/cjs/loader:1159:14)
    at Module._extensions..js (node:internal/modules/cjs/loader:1213:10)
    at Module.load (node:internal/modules/cjs/loader:1037:32)
    at Module._load (node:internal/modules/cjs/loader:878:12)
    at Module.require (node:internal/modules/cjs/loader:1061:19)
    at require (node:internal/modules/cjs/helpers:103:18)
    at Object.<anonymous> (C:\Users\Rafa\Desktop\DEFINITIVO\NODEJS\plantilla-nodejs-MVC\src\app\controllers\HomeController.js:1:14)
    at Module._compile (node:internal/modules/cjs/loader:1159:14)
    at Module._extensions..js (node:internal/modules/cjs/loader:1213:10)
ReferenceError: collectionName is not defined
    at Object.<anonymous> (C:\Users\Rafa\Desktop\DEFINITIVO\NODEJS\plantilla-nodejs-MVC\src\app\models\User.js:4:36)
    at Module._compile (node:internal/modules/cjs/loader:1159:14)
    at Module._extensions..js (node:internal/modules/cjs/loader:1213:10)
    at Module.load (node:internal/modules/cjs/loader:1037:32)
    at Module._load (node:internal/modules/cjs/loader:878:12)
    at Module.require (node:internal/modules/cjs/loader:1061:19)
    at require (node:internal/modules/cjs/helpers:103:18)
    at Object.<anonymous> (C:\Users\Rafa\Desktop\DEFINITIVO\NODEJS\plantilla-nodejs-MVC\src\app\controllers\HomeController.js:1:14)
    at Module._compile (node:internal/modules/cjs/loader:1159:14)
    at Module._extensions..js (node:internal/modules/cjs/loader:1213:10)
2023-07-24 21:58:48 [ERROR]: uncaughtException: Identifier 'logger' has already been declared
C:\Users\Rafa\Desktop\DEFINITIVO\NODEJS\plantilla-nodejs-MVC\src\app\utils\errorHandler.js:24
const logger = require('../../utils/logger');
      ^

SyntaxError: Identifier 'logger' has already been declared
    at Object.compileFunction (node:vm:360:18)
    at wrapSafe (node:internal/modules/cjs/loader:1088:15)
    at Module._compile (node:internal/modules/cjs/loader:1123:27)
    at Module._extensions..js (node:internal/modules/cjs/loader:1213:10)
    at Module.load (node:internal/modules/cjs/loader:1037:32)
    at Module._load (node:internal/modules/cjs/loader:878:12)
    at Module.require (node:internal/modules/cjs/loader:1061:19)
    at require (node:internal/modules/cjs/helpers:103:18)
    at Object.<anonymous> (C:\Users\Rafa\Desktop\DEFINITIVO\NODEJS\plantilla-nodejs-MVC\src\app\controllers\HomeController.js:3:21)
    at Module._compile (node:internal/modules/cjs/loader:1159:14)
C:\Users\Rafa\Desktop\DEFINITIVO\NODEJS\plantilla-nodejs-MVC\src\app\utils\errorHandler.js:24
const logger = require('../../utils/logger');
      ^

SyntaxError: Identifier 'logger' has already been declared
    at Object.compileFunction (node:vm:360:18)
    at wrapSafe (node:internal/modules/cjs/loader:1088:15)
    at Module._compile (node:internal/modules/cjs/loader:1123:27)
    at Module._extensions..js (node:internal/modules/cjs/loader:1213:10)
    at Module.load (node:internal/modules/cjs/loader:1037:32)
    at Module._load (node:internal/modules/cjs/loader:878:12)
    at Module.require (node:internal/modules/cjs/loader:1061:19)
    at require (node:internal/modules/cjs/helpers:103:18)
    at Object.<anonymous> (C:\Users\Rafa\Desktop\DEFINITIVO\NODEJS\plantilla-nodejs-MVC\src\app\controllers\HomeController.js:3:21)
    at Module._compile (node:internal/modules/cjs/loader:1159:14)
2023-07-24 21:59:03 [ERROR]: uncaughtException: Cannot find module '../services/dataAcces/userService'
Require stack:
- C:\Users\Rafa\Desktop\DEFINITIVO\NODEJS\plantilla-nodejs-MVC\src\app\controllers\UserController.js
- C:\Users\Rafa\Desktop\DEFINITIVO\NODEJS\plantilla-nodejs-MVC\src\app\routes\userRoutes.js
- C:\Users\Rafa\Desktop\DEFINITIVO\NODEJS\plantilla-nodejs-MVC\src\app\routes\index.js
- C:\Users\Rafa\Desktop\DEFINITIVO\NODEJS\plantilla-nodejs-MVC\index.js
Error: Cannot find module '../services/dataAcces/userService'
Require stack:
- C:\Users\Rafa\Desktop\DEFINITIVO\NODEJS\plantilla-nodejs-MVC\src\app\controllers\UserController.js
- C:\Users\Rafa\Desktop\DEFINITIVO\NODEJS\plantilla-nodejs-MVC\src\app\routes\userRoutes.js
- C:\Users\Rafa\Desktop\DEFINITIVO\NODEJS\plantilla-nodejs-MVC\src\app\routes\index.js
- C:\Users\Rafa\Desktop\DEFINITIVO\NODEJS\plantilla-nodejs-MVC\index.js
    at Module._resolveFilename (node:internal/modules/cjs/loader:995:15)
    at Module._load (node:internal/modules/cjs/loader:841:27)
    at Module.require (node:internal/modules/cjs/loader:1061:19)
    at require (node:internal/modules/cjs/helpers:103:18)
    at Object.<anonymous> (C:\Users\Rafa\Desktop\DEFINITIVO\NODEJS\plantilla-nodejs-MVC\src\app\controllers\UserController.js:4:23)
    at Module._compile (node:internal/modules/cjs/loader:1159:14)
    at Module._extensions..js (node:internal/modules/cjs/loader:1213:10)
    at Module.load (node:internal/modules/cjs/loader:1037:32)
    at Module._load (node:internal/modules/cjs/loader:878:12)
    at Module.require (node:internal/modules/cjs/loader:1061:19)
Error: Cannot find module '../services/dataAcces/userService'
Require stack:
- C:\Users\Rafa\Desktop\DEFINITIVO\NODEJS\plantilla-nodejs-MVC\src\app\controllers\UserController.js
- C:\Users\Rafa\Desktop\DEFINITIVO\NODEJS\plantilla-nodejs-MVC\src\app\routes\userRoutes.js
- C:\Users\Rafa\Desktop\DEFINITIVO\NODEJS\plantilla-nodejs-MVC\src\app\routes\index.js
- C:\Users\Rafa\Desktop\DEFINITIVO\NODEJS\plantilla-nodejs-MVC\index.js
    at Module._resolveFilename (node:internal/modules/cjs/loader:995:15)
    at Module._load (node:internal/modules/cjs/loader:841:27)
    at Module.require (node:internal/modules/cjs/loader:1061:19)
    at require (node:internal/modules/cjs/helpers:103:18)
    at Object.<anonymous> (C:\Users\Rafa\Desktop\DEFINITIVO\NODEJS\plantilla-nodejs-MVC\src\app\controllers\UserController.js:4:23)
    at Module._compile (node:internal/modules/cjs/loader:1159:14)
    at Module._extensions..js (node:internal/modules/cjs/loader:1213:10)
    at Module.load (node:internal/modules/cjs/loader:1037:32)
    at Module._load (node:internal/modules/cjs/loader:878:12)
    at Module.require (node:internal/modules/cjs/loader:1061:19)
2023-07-24 21:59:40 [ERROR]: uncaughtException: Cannot find module '../../models/User'
Require stack:
- C:\Users\Rafa\Desktop\DEFINITIVO\NODEJS\plantilla-nodejs-MVC\src\app\services\dataAcces\userService.js
- C:\Users\Rafa\Desktop\DEFINITIVO\NODEJS\plantilla-nodejs-MVC\src\app\controllers\UserController.js
- C:\Users\Rafa\Desktop\DEFINITIVO\NODEJS\plantilla-nodejs-MVC\src\app\routes\userRoutes.js
- C:\Users\Rafa\Desktop\DEFINITIVO\NODEJS\plantilla-nodejs-MVC\src\app\routes\index.js
- C:\Users\Rafa\Desktop\DEFINITIVO\NODEJS\plantilla-nodejs-MVC\index.js
Error: Cannot find module '../../models/User'
Require stack:
- C:\Users\Rafa\Desktop\DEFINITIVO\NODEJS\plantilla-nodejs-MVC\src\app\services\dataAcces\userService.js
- C:\Users\Rafa\Desktop\DEFINITIVO\NODEJS\plantilla-nodejs-MVC\src\app\controllers\UserController.js
- C:\Users\Rafa\Desktop\DEFINITIVO\NODEJS\plantilla-nodejs-MVC\src\app\routes\userRoutes.js
- C:\Users\Rafa\Desktop\DEFINITIVO\NODEJS\plantilla-nodejs-MVC\src\app\routes\index.js
- C:\Users\Rafa\Desktop\DEFINITIVO\NODEJS\plantilla-nodejs-MVC\index.js
    at Module._resolveFilename (node:internal/modules/cjs/loader:995:15)
    at Module._load (node:internal/modules/cjs/loader:841:27)
    at Module.require (node:internal/modules/cjs/loader:1061:19)
    at require (node:internal/modules/cjs/helpers:103:18)
    at Object.<anonymous> (C:\Users\Rafa\Desktop\DEFINITIVO\NODEJS\plantilla-nodejs-MVC\src\app\services\dataAcces\userService.js:3:14)
    at Module._compile (node:internal/modules/cjs/loader:1159:14)
    at Module._extensions..js (node:internal/modules/cjs/loader:1213:10)
    at Module.load (node:internal/modules/cjs/loader:1037:32)
    at Module._load (node:internal/modules/cjs/loader:878:12)
    at Module.require (node:internal/modules/cjs/loader:1061:19)
Error: Cannot find module '../../models/User'
Require stack:
- C:\Users\Rafa\Desktop\DEFINITIVO\NODEJS\plantilla-nodejs-MVC\src\app\services\dataAcces\userService.js
- C:\Users\Rafa\Desktop\DEFINITIVO\NODEJS\plantilla-nodejs-MVC\src\app\controllers\UserController.js
- C:\Users\Rafa\Desktop\DEFINITIVO\NODEJS\plantilla-nodejs-MVC\src\app\routes\userRoutes.js
- C:\Users\Rafa\Desktop\DEFINITIVO\NODEJS\plantilla-nodejs-MVC\src\app\routes\index.js
- C:\Users\Rafa\Desktop\DEFINITIVO\NODEJS\plantilla-nodejs-MVC\index.js
    at Module._resolveFilename (node:internal/modules/cjs/loader:995:15)
    at Module._load (node:internal/modules/cjs/loader:841:27)
    at Module.require (node:internal/modules/cjs/loader:1061:19)
    at require (node:internal/modules/cjs/helpers:103:18)
    at Object.<anonymous> (C:\Users\Rafa\Desktop\DEFINITIVO\NODEJS\plantilla-nodejs-MVC\src\app\services\dataAcces\userService.js:3:14)
    at Module._compile (node:internal/modules/cjs/loader:1159:14)
    at Module._extensions..js (node:internal/modules/cjs/loader:1213:10)
    at Module.load (node:internal/modules/cjs/loader:1037:32)
    at Module._load (node:internal/modules/cjs/loader:878:12)
    at Module.require (node:internal/modules/cjs/loader:1061:19)
2023-07-24 22:00:02 [ERROR]: uncaughtException: Cannot find module '../DTO/User'
Require stack:
- C:\Users\Rafa\Desktop\DEFINITIVO\NODEJS\plantilla-nodejs-MVC\src\app\services\dataAcces\userService.js
- C:\Users\Rafa\Desktop\DEFINITIVO\NODEJS\plantilla-nodejs-MVC\src\app\controllers\UserController.js
- C:\Users\Rafa\Desktop\DEFINITIVO\NODEJS\plantilla-nodejs-MVC\src\app\routes\userRoutes.js
- C:\Users\Rafa\Desktop\DEFINITIVO\NODEJS\plantilla-nodejs-MVC\src\app\routes\index.js
- C:\Users\Rafa\Desktop\DEFINITIVO\NODEJS\plantilla-nodejs-MVC\index.js
Error: Cannot find module '../DTO/User'
Require stack:
- C:\Users\Rafa\Desktop\DEFINITIVO\NODEJS\plantilla-nodejs-MVC\src\app\services\dataAcces\userService.js
- C:\Users\Rafa\Desktop\DEFINITIVO\NODEJS\plantilla-nodejs-MVC\src\app\controllers\UserController.js
- C:\Users\Rafa\Desktop\DEFINITIVO\NODEJS\plantilla-nodejs-MVC\src\app\routes\userRoutes.js
- C:\Users\Rafa\Desktop\DEFINITIVO\NODEJS\plantilla-nodejs-MVC\src\app\routes\index.js
- C:\Users\Rafa\Desktop\DEFINITIVO\NODEJS\plantilla-nodejs-MVC\index.js
    at Module._resolveFilename (node:internal/modules/cjs/loader:995:15)
    at Module._load (node:internal/modules/cjs/loader:841:27)
    at Module.require (node:internal/modules/cjs/loader:1061:19)
    at require (node:internal/modules/cjs/helpers:103:18)
    at Object.<anonymous> (C:\Users\Rafa\Desktop\DEFINITIVO\NODEJS\plantilla-nodejs-MVC\src\app\services\dataAcces\userService.js:4:17)
    at Module._compile (node:internal/modules/cjs/loader:1159:14)
    at Module._extensions..js (node:internal/modules/cjs/loader:1213:10)
    at Module.load (node:internal/modules/cjs/loader:1037:32)
    at Module._load (node:internal/modules/cjs/loader:878:12)
    at Module.require (node:internal/modules/cjs/loader:1061:19)
Error: Cannot find module '../DTO/User'
Require stack:
- C:\Users\Rafa\Desktop\DEFINITIVO\NODEJS\plantilla-nodejs-MVC\src\app\services\dataAcces\userService.js
- C:\Users\Rafa\Desktop\DEFINITIVO\NODEJS\plantilla-nodejs-MVC\src\app\controllers\UserController.js
- C:\Users\Rafa\Desktop\DEFINITIVO\NODEJS\plantilla-nodejs-MVC\src\app\routes\userRoutes.js
- C:\Users\Rafa\Desktop\DEFINITIVO\NODEJS\plantilla-nodejs-MVC\src\app\routes\index.js
- C:\Users\Rafa\Desktop\DEFINITIVO\NODEJS\plantilla-nodejs-MVC\index.js
    at Module._resolveFilename (node:internal/modules/cjs/loader:995:15)
    at Module._load (node:internal/modules/cjs/loader:841:27)
    at Module.require (node:internal/modules/cjs/loader:1061:19)
    at require (node:internal/modules/cjs/helpers:103:18)
    at Object.<anonymous> (C:\Users\Rafa\Desktop\DEFINITIVO\NODEJS\plantilla-nodejs-MVC\src\app\services\dataAcces\userService.js:4:17)
    at Module._compile (node:internal/modules/cjs/loader:1159:14)
    at Module._extensions..js (node:internal/modules/cjs/loader:1213:10)
    at Module.load (node:internal/modules/cjs/loader:1037:32)
    at Module._load (node:internal/modules/cjs/loader:878:12)
    at Module.require (node:internal/modules/cjs/loader:1061:19)
2023-07-24 22:00:20 [ERROR]: uncaughtException: Cannot find module '../DTO/User'
Require stack:
- C:\Users\Rafa\Desktop\DEFINITIVO\NODEJS\plantilla-nodejs-MVC\src\app\services\dataAcces\userService.js
- C:\Users\Rafa\Desktop\DEFINITIVO\NODEJS\plantilla-nodejs-MVC\src\app\controllers\UserController.js
- C:\Users\Rafa\Desktop\DEFINITIVO\NODEJS\plantilla-nodejs-MVC\src\app\routes\userRoutes.js
- C:\Users\Rafa\Desktop\DEFINITIVO\NODEJS\plantilla-nodejs-MVC\src\app\routes\index.js
- C:\Users\Rafa\Desktop\DEFINITIVO\NODEJS\plantilla-nodejs-MVC\index.js
Error: Cannot find module '../DTO/User'
Require stack:
- C:\Users\Rafa\Desktop\DEFINITIVO\NODEJS\plantilla-nodejs-MVC\src\app\services\dataAcces\userService.js
- C:\Users\Rafa\Desktop\DEFINITIVO\NODEJS\plantilla-nodejs-MVC\src\app\controllers\UserController.js
- C:\Users\Rafa\Desktop\DEFINITIVO\NODEJS\plantilla-nodejs-MVC\src\app\routes\userRoutes.js
- C:\Users\Rafa\Desktop\DEFINITIVO\NODEJS\plantilla-nodejs-MVC\src\app\routes\index.js
- C:\Users\Rafa\Desktop\DEFINITIVO\NODEJS\plantilla-nodejs-MVC\index.js
    at Module._resolveFilename (node:internal/modules/cjs/loader:995:15)
    at Module._load (node:internal/modules/cjs/loader:841:27)
    at Module.require (node:internal/modules/cjs/loader:1061:19)
    at require (node:internal/modules/cjs/helpers:103:18)
    at Object.<anonymous> (C:\Users\Rafa\Desktop\DEFINITIVO\NODEJS\plantilla-nodejs-MVC\src\app\services\dataAcces\userService.js:4:17)
    at Module._compile (node:internal/modules/cjs/loader:1159:14)
    at Module._extensions..js (node:internal/modules/cjs/loader:1213:10)
    at Module.load (node:internal/modules/cjs/loader:1037:32)
    at Module._load (node:internal/modules/cjs/loader:878:12)
    at Module.require (node:internal/modules/cjs/loader:1061:19)
Error: Cannot find module '../DTO/User'
Require stack:
- C:\Users\Rafa\Desktop\DEFINITIVO\NODEJS\plantilla-nodejs-MVC\src\app\services\dataAcces\userService.js
- C:\Users\Rafa\Desktop\DEFINITIVO\NODEJS\plantilla-nodejs-MVC\src\app\controllers\UserController.js
- C:\Users\Rafa\Desktop\DEFINITIVO\NODEJS\plantilla-nodejs-MVC\src\app\routes\userRoutes.js
- C:\Users\Rafa\Desktop\DEFINITIVO\NODEJS\plantilla-nodejs-MVC\src\app\routes\index.js
- C:\Users\Rafa\Desktop\DEFINITIVO\NODEJS\plantilla-nodejs-MVC\index.js
    at Module._resolveFilename (node:internal/modules/cjs/loader:995:15)
    at Module._load (node:internal/modules/cjs/loader:841:27)
    at Module.require (node:internal/modules/cjs/loader:1061:19)
    at require (node:internal/modules/cjs/helpers:103:18)
    at Object.<anonymous> (C:\Users\Rafa\Desktop\DEFINITIVO\NODEJS\plantilla-nodejs-MVC\src\app\services\dataAcces\userService.js:4:17)
    at Module._compile (node:internal/modules/cjs/loader:1159:14)
    at Module._extensions..js (node:internal/modules/cjs/loader:1213:10)
    at Module.load (node:internal/modules/cjs/loader:1037:32)
    at Module._load (node:internal/modules/cjs/loader:878:12)
    at Module.require (node:internal/modules/cjs/loader:1061:19)
2023-07-24 22:00:34 [ERROR]: uncaughtException: Identifier 'User' has already been declared
C:\Users\Rafa\Desktop\DEFINITIVO\NODEJS\plantilla-nodejs-MVC\src\app\services\dataAcces\userService.js:4
const User = require('../DTO/User');
      ^

SyntaxError: Identifier 'User' has already been declared
    at Object.compileFunction (node:vm:360:18)
    at wrapSafe (node:internal/modules/cjs/loader:1088:15)
    at Module._compile (node:internal/modules/cjs/loader:1123:27)
    at Module._extensions..js (node:internal/modules/cjs/loader:1213:10)
    at Module.load (node:internal/modules/cjs/loader:1037:32)
    at Module._load (node:internal/modules/cjs/loader:878:12)
    at Module.require (node:internal/modules/cjs/loader:1061:19)
    at require (node:internal/modules/cjs/helpers:103:18)
    at Object.<anonymous> (C:\Users\Rafa\Desktop\DEFINITIVO\NODEJS\plantilla-nodejs-MVC\src\app\controllers\UserController.js:2:21)
    at Module._compile (node:internal/modules/cjs/loader:1159:14)
C:\Users\Rafa\Desktop\DEFINITIVO\NODEJS\plantilla-nodejs-MVC\src\app\services\dataAcces\userService.js:4
const User = require('../DTO/User');
      ^

SyntaxError: Identifier 'User' has already been declared
    at Object.compileFunction (node:vm:360:18)
    at wrapSafe (node:internal/modules/cjs/loader:1088:15)
    at Module._compile (node:internal/modules/cjs/loader:1123:27)
    at Module._extensions..js (node:internal/modules/cjs/loader:1213:10)
    at Module.load (node:internal/modules/cjs/loader:1037:32)
    at Module._load (node:internal/modules/cjs/loader:878:12)
    at Module.require (node:internal/modules/cjs/loader:1061:19)
    at require (node:internal/modules/cjs/helpers:103:18)
    at Object.<anonymous> (C:\Users\Rafa\Desktop\DEFINITIVO\NODEJS\plantilla-nodejs-MVC\src\app\controllers\UserController.js:2:21)
    at Module._compile (node:internal/modules/cjs/loader:1159:14)
2023-07-24 22:00:55 [ERROR]: uncaughtException: Identifier 'User' has already been declared
C:\Users\Rafa\Desktop\DEFINITIVO\NODEJS\plantilla-nodejs-MVC\src\app\services\dataAcces\userService.js:4
const User = require('../../DTO/User');
      ^

SyntaxError: Identifier 'User' has already been declared
    at Object.compileFunction (node:vm:360:18)
    at wrapSafe (node:internal/modules/cjs/loader:1088:15)
    at Module._compile (node:internal/modules/cjs/loader:1123:27)
    at Module._extensions..js (node:internal/modules/cjs/loader:1213:10)
    at Module.load (node:internal/modules/cjs/loader:1037:32)
    at Module._load (node:internal/modules/cjs/loader:878:12)
    at Module.require (node:internal/modules/cjs/loader:1061:19)
    at require (node:internal/modules/cjs/helpers:103:18)
    at Object.<anonymous> (C:\Users\Rafa\Desktop\DEFINITIVO\NODEJS\plantilla-nodejs-MVC\src\app\controllers\UserController.js:2:21)
    at Module._compile (node:internal/modules/cjs/loader:1159:14)
C:\Users\Rafa\Desktop\DEFINITIVO\NODEJS\plantilla-nodejs-MVC\src\app\services\dataAcces\userService.js:4
const User = require('../../DTO/User');
      ^

SyntaxError: Identifier 'User' has already been declared
    at Object.compileFunction (node:vm:360:18)
    at wrapSafe (node:internal/modules/cjs/loader:1088:15)
    at Module._compile (node:internal/modules/cjs/loader:1123:27)
    at Module._extensions..js (node:internal/modules/cjs/loader:1213:10)
    at Module.load (node:internal/modules/cjs/loader:1037:32)
    at Module._load (node:internal/modules/cjs/loader:878:12)
    at Module.require (node:internal/modules/cjs/loader:1061:19)
    at require (node:internal/modules/cjs/helpers:103:18)
    at Object.<anonymous> (C:\Users\Rafa\Desktop\DEFINITIVO\NODEJS\plantilla-nodejs-MVC\src\app\controllers\UserController.js:2:21)
    at Module._compile (node:internal/modules/cjs/loader:1159:14)
2023-07-24 22:03:19 [ERROR]: uncaughtException: Identifier 'User' has already been declared
C:\Users\Rafa\Desktop\DEFINITIVO\NODEJS\plantilla-nodejs-MVC\src\app\services\dataAcces\userService.js:4
const User = require('../../dtos/User');
      ^

SyntaxError: Identifier 'User' has already been declared
    at Object.compileFunction (node:vm:360:18)
    at wrapSafe (node:internal/modules/cjs/loader:1088:15)
    at Module._compile (node:internal/modules/cjs/loader:1123:27)
    at Module._extensions..js (node:internal/modules/cjs/loader:1213:10)
    at Module.load (node:internal/modules/cjs/loader:1037:32)
    at Module._load (node:internal/modules/cjs/loader:878:12)
    at Module.require (node:internal/modules/cjs/loader:1061:19)
    at require (node:internal/modules/cjs/helpers:103:18)
    at Object.<anonymous> (C:\Users\Rafa\Desktop\DEFINITIVO\NODEJS\plantilla-nodejs-MVC\src\app\controllers\UserController.js:2:21)
    at Module._compile (node:internal/modules/cjs/loader:1159:14)
C:\Users\Rafa\Desktop\DEFINITIVO\NODEJS\plantilla-nodejs-MVC\src\app\services\dataAcces\userService.js:4
const User = require('../../dtos/User');
      ^

SyntaxError: Identifier 'User' has already been declared
    at Object.compileFunction (node:vm:360:18)
    at wrapSafe (node:internal/modules/cjs/loader:1088:15)
    at Module._compile (node:internal/modules/cjs/loader:1123:27)
    at Module._extensions..js (node:internal/modules/cjs/loader:1213:10)
    at Module.load (node:internal/modules/cjs/loader:1037:32)
    at Module._load (node:internal/modules/cjs/loader:878:12)
    at Module.require (node:internal/modules/cjs/loader:1061:19)
    at require (node:internal/modules/cjs/helpers:103:18)
    at Object.<anonymous> (C:\Users\Rafa\Desktop\DEFINITIVO\NODEJS\plantilla-nodejs-MVC\src\app\controllers\UserController.js:2:21)
    at Module._compile (node:internal/modules/cjs/loader:1159:14)
2023-07-24 22:04:11 [ERROR]: uncaughtException: connectToDatabase is not a function
TypeError: connectToDatabase is not a function
    at Object.<anonymous> (C:\Users\Rafa\Desktop\DEFINITIVO\NODEJS\plantilla-nodejs-MVC\index.js:15:1)
    at Module._compile (node:internal/modules/cjs/loader:1159:14)
    at Module._extensions..js (node:internal/modules/cjs/loader:1213:10)
    at Module.load (node:internal/modules/cjs/loader:1037:32)
    at Module._load (node:internal/modules/cjs/loader:878:12)
    at Function.executeUserEntryPoint [as runMain] (node:internal/modules/run_main:81:12)
    at node:internal/main/run_main_module:23:47
TypeError: connectToDatabase is not a function
    at Object.<anonymous> (C:\Users\Rafa\Desktop\DEFINITIVO\NODEJS\plantilla-nodejs-MVC\index.js:15:1)
    at Module._compile (node:internal/modules/cjs/loader:1159:14)
    at Module._extensions..js (node:internal/modules/cjs/loader:1213:10)
    at Module.load (node:internal/modules/cjs/loader:1037:32)
    at Module._load (node:internal/modules/cjs/loader:878:12)
    at Function.executeUserEntryPoint [as runMain] (node:internal/modules/run_main:81:12)
    at node:internal/main/run_main_module:23:47
2023-07-24 22:04:14 [ERROR]: uncaughtException: connectToDatabase is not a function
TypeError: connectToDatabase is not a function
    at Object.<anonymous> (C:\Users\Rafa\Desktop\DEFINITIVO\NODEJS\plantilla-nodejs-MVC\index.js:15:1)
    at Module._compile (node:internal/modules/cjs/loader:1159:14)
    at Module._extensions..js (node:internal/modules/cjs/loader:1213:10)
    at Module.load (node:internal/modules/cjs/loader:1037:32)
    at Module._load (node:internal/modules/cjs/loader:878:12)
    at Function.executeUserEntryPoint [as runMain] (node:internal/modules/run_main:81:12)
    at node:internal/main/run_main_module:23:47
TypeError: connectToDatabase is not a function
    at Object.<anonymous> (C:\Users\Rafa\Desktop\DEFINITIVO\NODEJS\plantilla-nodejs-MVC\index.js:15:1)
    at Module._compile (node:internal/modules/cjs/loader:1159:14)
    at Module._extensions..js (node:internal/modules/cjs/loader:1213:10)
    at Module.load (node:internal/modules/cjs/loader:1037:32)
    at Module._load (node:internal/modules/cjs/loader:878:12)
    at Function.executeUserEntryPoint [as runMain] (node:internal/modules/run_main:81:12)
    at node:internal/main/run_main_module:23:47
2023-07-24 22:04:16 [ERROR]: uncaughtException: connectToDatabase is not a function
TypeError: connectToDatabase is not a function
    at Object.<anonymous> (C:\Users\Rafa\Desktop\DEFINITIVO\NODEJS\plantilla-nodejs-MVC\index.js:15:1)
    at Module._compile (node:internal/modules/cjs/loader:1159:14)
    at Module._extensions..js (node:internal/modules/cjs/loader:1213:10)
    at Module.load (node:internal/modules/cjs/loader:1037:32)
    at Module._load (node:internal/modules/cjs/loader:878:12)
    at Function.executeUserEntryPoint [as runMain] (node:internal/modules/run_main:81:12)
    at node:internal/main/run_main_module:23:47
TypeError: connectToDatabase is not a function
    at Object.<anonymous> (C:\Users\Rafa\Desktop\DEFINITIVO\NODEJS\plantilla-nodejs-MVC\index.js:15:1)
    at Module._compile (node:internal/modules/cjs/loader:1159:14)
    at Module._extensions..js (node:internal/modules/cjs/loader:1213:10)
    at Module.load (node:internal/modules/cjs/loader:1037:32)
    at Module._load (node:internal/modules/cjs/loader:878:12)
    at Function.executeUserEntryPoint [as runMain] (node:internal/modules/run_main:81:12)
    at node:internal/main/run_main_module:23:47
2023-07-24 22:04:58 [ERROR]: uncaughtException: connectToDatabase is not a function
TypeError: connectToDatabase is not a function
    at Object.<anonymous> (C:\Users\Rafa\Desktop\DEFINITIVO\NODEJS\plantilla-nodejs-MVC\index.js:15:1)
    at Module._compile (node:internal/modules/cjs/loader:1159:14)
    at Module._extensions..js (node:internal/modules/cjs/loader:1213:10)
    at Module.load (node:internal/modules/cjs/loader:1037:32)
    at Module._load (node:internal/modules/cjs/loader:878:12)
    at Function.executeUserEntryPoint [as runMain] (node:internal/modules/run_main:81:12)
    at node:internal/main/run_main_module:23:47
TypeError: connectToDatabase is not a function
    at Object.<anonymous> (C:\Users\Rafa\Desktop\DEFINITIVO\NODEJS\plantilla-nodejs-MVC\index.js:15:1)
    at Module._compile (node:internal/modules/cjs/loader:1159:14)
    at Module._extensions..js (node:internal/modules/cjs/loader:1213:10)
    at Module.load (node:internal/modules/cjs/loader:1037:32)
    at Module._load (node:internal/modules/cjs/loader:878:12)
    at Function.executeUserEntryPoint [as runMain] (node:internal/modules/run_main:81:12)
    at node:internal/main/run_main_module:23:47
2023-07-24 22:05:00 [ERROR]: uncaughtException: Identifier 'User' has already been declared
C:\Users\Rafa\Desktop\DEFINITIVO\NODEJS\plantilla-nodejs-MVC\src\app\services\dataAcces\userService.js:4
const User = require('../../DTO/User');
      ^

SyntaxError: Identifier 'User' has already been declared
    at Object.compileFunction (node:vm:360:18)
    at wrapSafe (node:internal/modules/cjs/loader:1088:15)
    at Module._compile (node:internal/modules/cjs/loader:1123:27)
    at Module._extensions..js (node:internal/modules/cjs/loader:1213:10)
    at Module.load (node:internal/modules/cjs/loader:1037:32)
    at Module._load (node:internal/modules/cjs/loader:878:12)
    at Module.require (node:internal/modules/cjs/loader:1061:19)
    at require (node:internal/modules/cjs/helpers:103:18)
    at Object.<anonymous> (C:\Users\Rafa\Desktop\DEFINITIVO\NODEJS\plantilla-nodejs-MVC\src\app\controllers\UserController.js:2:21)
    at Module._compile (node:internal/modules/cjs/loader:1159:14)
C:\Users\Rafa\Desktop\DEFINITIVO\NODEJS\plantilla-nodejs-MVC\src\app\services\dataAcces\userService.js:4
const User = require('../../DTO/User');
      ^

SyntaxError: Identifier 'User' has already been declared
    at Object.compileFunction (node:vm:360:18)
    at wrapSafe (node:internal/modules/cjs/loader:1088:15)
    at Module._compile (node:internal/modules/cjs/loader:1123:27)
    at Module._extensions..js (node:internal/modules/cjs/loader:1213:10)
    at Module.load (node:internal/modules/cjs/loader:1037:32)
    at Module._load (node:internal/modules/cjs/loader:878:12)
    at Module.require (node:internal/modules/cjs/loader:1061:19)
    at require (node:internal/modules/cjs/helpers:103:18)
    at Object.<anonymous> (C:\Users\Rafa\Desktop\DEFINITIVO\NODEJS\plantilla-nodejs-MVC\src\app\controllers\UserController.js:2:21)
    at Module._compile (node:internal/modules/cjs/loader:1159:14)
2023-07-24 22:05:02 [ERROR]: uncaughtException: Cannot find module '../DTO/UserDTO'
Require stack:
- C:\Users\Rafa\Desktop\DEFINITIVO\NODEJS\plantilla-nodejs-MVC\src\app\services\dataAcces\userService.js
- C:\Users\Rafa\Desktop\DEFINITIVO\NODEJS\plantilla-nodejs-MVC\src\app\controllers\UserController.js
- C:\Users\Rafa\Desktop\DEFINITIVO\NODEJS\plantilla-nodejs-MVC\src\app\routes\userRoutes.js
- C:\Users\Rafa\Desktop\DEFINITIVO\NODEJS\plantilla-nodejs-MVC\src\app\routes\index.js
- C:\Users\Rafa\Desktop\DEFINITIVO\NODEJS\plantilla-nodejs-MVC\index.js
Error: Cannot find module '../DTO/UserDTO'
Require stack:
- C:\Users\Rafa\Desktop\DEFINITIVO\NODEJS\plantilla-nodejs-MVC\src\app\services\dataAcces\userService.js
- C:\Users\Rafa\Desktop\DEFINITIVO\NODEJS\plantilla-nodejs-MVC\src\app\controllers\UserController.js
- C:\Users\Rafa\Desktop\DEFINITIVO\NODEJS\plantilla-nodejs-MVC\src\app\routes\userRoutes.js
- C:\Users\Rafa\Desktop\DEFINITIVO\NODEJS\plantilla-nodejs-MVC\src\app\routes\index.js
- C:\Users\Rafa\Desktop\DEFINITIVO\NODEJS\plantilla-nodejs-MVC\index.js
    at Module._resolveFilename (node:internal/modules/cjs/loader:995:15)
    at Module._load (node:internal/modules/cjs/loader:841:27)
    at Module.require (node:internal/modules/cjs/loader:1061:19)
    at require (node:internal/modules/cjs/helpers:103:18)
    at Object.<anonymous> (C:\Users\Rafa\Desktop\DEFINITIVO\NODEJS\plantilla-nodejs-MVC\src\app\services\dataAcces\userService.js:4:17)
    at Module._compile (node:internal/modules/cjs/loader:1159:14)
    at Module._extensions..js (node:internal/modules/cjs/loader:1213:10)
    at Module.load (node:internal/modules/cjs/loader:1037:32)
    at Module._load (node:internal/modules/cjs/loader:878:12)
    at Module.require (node:internal/modules/cjs/loader:1061:19)
Error: Cannot find module '../DTO/UserDTO'
Require stack:
- C:\Users\Rafa\Desktop\DEFINITIVO\NODEJS\plantilla-nodejs-MVC\src\app\services\dataAcces\userService.js
- C:\Users\Rafa\Desktop\DEFINITIVO\NODEJS\plantilla-nodejs-MVC\src\app\controllers\UserController.js
- C:\Users\Rafa\Desktop\DEFINITIVO\NODEJS\plantilla-nodejs-MVC\src\app\routes\userRoutes.js
- C:\Users\Rafa\Desktop\DEFINITIVO\NODEJS\plantilla-nodejs-MVC\src\app\routes\index.js
- C:\Users\Rafa\Desktop\DEFINITIVO\NODEJS\plantilla-nodejs-MVC\index.js
    at Module._resolveFilename (node:internal/modules/cjs/loader:995:15)
    at Module._load (node:internal/modules/cjs/loader:841:27)
    at Module.require (node:internal/modules/cjs/loader:1061:19)
    at require (node:internal/modules/cjs/helpers:103:18)
    at Object.<anonymous> (C:\Users\Rafa\Desktop\DEFINITIVO\NODEJS\plantilla-nodejs-MVC\src\app\services\dataAcces\userService.js:4:17)
    at Module._compile (node:internal/modules/cjs/loader:1159:14)
    at Module._extensions..js (node:internal/modules/cjs/loader:1213:10)
    at Module.load (node:internal/modules/cjs/loader:1037:32)
    at Module._load (node:internal/modules/cjs/loader:878:12)
    at Module.require (node:internal/modules/cjs/loader:1061:19)
2023-07-24 22:05:12 [ERROR]: uncaughtException: Identifier 'User' has already been declared
C:\Users\Rafa\Desktop\DEFINITIVO\NODEJS\plantilla-nodejs-MVC\src\app\services\dataAcces\userService.js:4
const User = require('../DTO/User');
      ^

SyntaxError: Identifier 'User' has already been declared
    at Object.compileFunction (node:vm:360:18)
    at wrapSafe (node:internal/modules/cjs/loader:1088:15)
    at Module._compile (node:internal/modules/cjs/loader:1123:27)
    at Module._extensions..js (node:internal/modules/cjs/loader:1213:10)
    at Module.load (node:internal/modules/cjs/loader:1037:32)
    at Module._load (node:internal/modules/cjs/loader:878:12)
    at Module.require (node:internal/modules/cjs/loader:1061:19)
    at require (node:internal/modules/cjs/helpers:103:18)
    at Object.<anonymous> (C:\Users\Rafa\Desktop\DEFINITIVO\NODEJS\plantilla-nodejs-MVC\src\app\controllers\UserController.js:2:21)
    at Module._compile (node:internal/modules/cjs/loader:1159:14)
C:\Users\Rafa\Desktop\DEFINITIVO\NODEJS\plantilla-nodejs-MVC\src\app\services\dataAcces\userService.js:4
const User = require('../DTO/User');
      ^

SyntaxError: Identifier 'User' has already been declared
    at Object.compileFunction (node:vm:360:18)
    at wrapSafe (node:internal/modules/cjs/loader:1088:15)
    at Module._compile (node:internal/modules/cjs/loader:1123:27)
    at Module._extensions..js (node:internal/modules/cjs/loader:1213:10)
    at Module.load (node:internal/modules/cjs/loader:1037:32)
    at Module._load (node:internal/modules/cjs/loader:878:12)
    at Module.require (node:internal/modules/cjs/loader:1061:19)
    at require (node:internal/modules/cjs/helpers:103:18)
    at Object.<anonymous> (C:\Users\Rafa\Desktop\DEFINITIVO\NODEJS\plantilla-nodejs-MVC\src\app\controllers\UserController.js:2:21)
    at Module._compile (node:internal/modules/cjs/loader:1159:14)
2023-07-24 22:05:14 [ERROR]: uncaughtException: Identifier 'User' has already been declared
C:\Users\Rafa\Desktop\DEFINITIVO\NODEJS\plantilla-nodejs-MVC\src\app\services\dataAcces\userService.js:4
const User = require('../../DTO/User');
      ^

SyntaxError: Identifier 'User' has already been declared
    at Object.compileFunction (node:vm:360:18)
    at wrapSafe (node:internal/modules/cjs/loader:1088:15)
    at Module._compile (node:internal/modules/cjs/loader:1123:27)
    at Module._extensions..js (node:internal/modules/cjs/loader:1213:10)
    at Module.load (node:internal/modules/cjs/loader:1037:32)
    at Module._load (node:internal/modules/cjs/loader:878:12)
    at Module.require (node:internal/modules/cjs/loader:1061:19)
    at require (node:internal/modules/cjs/helpers:103:18)
    at Object.<anonymous> (C:\Users\Rafa\Desktop\DEFINITIVO\NODEJS\plantilla-nodejs-MVC\src\app\controllers\UserController.js:2:21)
    at Module._compile (node:internal/modules/cjs/loader:1159:14)
C:\Users\Rafa\Desktop\DEFINITIVO\NODEJS\plantilla-nodejs-MVC\src\app\services\dataAcces\userService.js:4
const User = require('../../DTO/User');
      ^

SyntaxError: Identifier 'User' has already been declared
    at Object.compileFunction (node:vm:360:18)
    at wrapSafe (node:internal/modules/cjs/loader:1088:15)
    at Module._compile (node:internal/modules/cjs/loader:1123:27)
    at Module._extensions..js (node:internal/modules/cjs/loader:1213:10)
    at Module.load (node:internal/modules/cjs/loader:1037:32)
    at Module._load (node:internal/modules/cjs/loader:878:12)
    at Module.require (node:internal/modules/cjs/loader:1061:19)
    at require (node:internal/modules/cjs/helpers:103:18)
    at Object.<anonymous> (C:\Users\Rafa\Desktop\DEFINITIVO\NODEJS\plantilla-nodejs-MVC\src\app\controllers\UserController.js:2:21)
    at Module._compile (node:internal/modules/cjs/loader:1159:14)
2023-07-24 22:05:20 [ERROR]: uncaughtException: Cannot find module '../DTO/UserDTO'
Require stack:
- C:\Users\Rafa\Desktop\DEFINITIVO\NODEJS\plantilla-nodejs-MVC\src\app\services\dataAcces\userService.js
- C:\Users\Rafa\Desktop\DEFINITIVO\NODEJS\plantilla-nodejs-MVC\src\app\controllers\UserController.js
- C:\Users\Rafa\Desktop\DEFINITIVO\NODEJS\plantilla-nodejs-MVC\src\app\routes\userRoutes.js
- C:\Users\Rafa\Desktop\DEFINITIVO\NODEJS\plantilla-nodejs-MVC\src\app\routes\index.js
- C:\Users\Rafa\Desktop\DEFINITIVO\NODEJS\plantilla-nodejs-MVC\index.js
Error: Cannot find module '../DTO/UserDTO'
Require stack:
- C:\Users\Rafa\Desktop\DEFINITIVO\NODEJS\plantilla-nodejs-MVC\src\app\services\dataAcces\userService.js
- C:\Users\Rafa\Desktop\DEFINITIVO\NODEJS\plantilla-nodejs-MVC\src\app\controllers\UserController.js
- C:\Users\Rafa\Desktop\DEFINITIVO\NODEJS\plantilla-nodejs-MVC\src\app\routes\userRoutes.js
- C:\Users\Rafa\Desktop\DEFINITIVO\NODEJS\plantilla-nodejs-MVC\src\app\routes\index.js
- C:\Users\Rafa\Desktop\DEFINITIVO\NODEJS\plantilla-nodejs-MVC\index.js
    at Module._resolveFilename (node:internal/modules/cjs/loader:995:15)
    at Module._load (node:internal/modules/cjs/loader:841:27)
    at Module.require (node:internal/modules/cjs/loader:1061:19)
    at require (node:internal/modules/cjs/helpers:103:18)
    at Object.<anonymous> (C:\Users\Rafa\Desktop\DEFINITIVO\NODEJS\plantilla-nodejs-MVC\src\app\services\dataAcces\userService.js:4:17)
    at Module._compile (node:internal/modules/cjs/loader:1159:14)
    at Module._extensions..js (node:internal/modules/cjs/loader:1213:10)
    at Module.load (node:internal/modules/cjs/loader:1037:32)
    at Module._load (node:internal/modules/cjs/loader:878:12)
    at Module.require (node:internal/modules/cjs/loader:1061:19)
Error: Cannot find module '../DTO/UserDTO'
Require stack:
- C:\Users\Rafa\Desktop\DEFINITIVO\NODEJS\plantilla-nodejs-MVC\src\app\services\dataAcces\userService.js
- C:\Users\Rafa\Desktop\DEFINITIVO\NODEJS\plantilla-nodejs-MVC\src\app\controllers\UserController.js
- C:\Users\Rafa\Desktop\DEFINITIVO\NODEJS\plantilla-nodejs-MVC\src\app\routes\userRoutes.js
- C:\Users\Rafa\Desktop\DEFINITIVO\NODEJS\plantilla-nodejs-MVC\src\app\routes\index.js
- C:\Users\Rafa\Desktop\DEFINITIVO\NODEJS\plantilla-nodejs-MVC\index.js
    at Module._resolveFilename (node:internal/modules/cjs/loader:995:15)
    at Module._load (node:internal/modules/cjs/loader:841:27)
    at Module.require (node:internal/modules/cjs/loader:1061:19)
    at require (node:internal/modules/cjs/helpers:103:18)
    at Object.<anonymous> (C:\Users\Rafa\Desktop\DEFINITIVO\NODEJS\plantilla-nodejs-MVC\src\app\services\dataAcces\userService.js:4:17)
    at Module._compile (node:internal/modules/cjs/loader:1159:14)
    at Module._extensions..js (node:internal/modules/cjs/loader:1213:10)
    at Module.load (node:internal/modules/cjs/loader:1037:32)
    at Module._load (node:internal/modules/cjs/loader:878:12)
    at Module.require (node:internal/modules/cjs/loader:1061:19)
2023-07-24 22:05:26 [ERROR]: uncaughtException: Cannot find module '../..//UserDTO'
Require stack:
- C:\Users\Rafa\Desktop\DEFINITIVO\NODEJS\plantilla-nodejs-MVC\src\app\services\dataAcces\userService.js
- C:\Users\Rafa\Desktop\DEFINITIVO\NODEJS\plantilla-nodejs-MVC\src\app\controllers\UserController.js
- C:\Users\Rafa\Desktop\DEFINITIVO\NODEJS\plantilla-nodejs-MVC\src\app\routes\userRoutes.js
- C:\Users\Rafa\Desktop\DEFINITIVO\NODEJS\plantilla-nodejs-MVC\src\app\routes\index.js
- C:\Users\Rafa\Desktop\DEFINITIVO\NODEJS\plantilla-nodejs-MVC\index.js
Error: Cannot find module '../..//UserDTO'
Require stack:
- C:\Users\Rafa\Desktop\DEFINITIVO\NODEJS\plantilla-nodejs-MVC\src\app\services\dataAcces\userService.js
- C:\Users\Rafa\Desktop\DEFINITIVO\NODEJS\plantilla-nodejs-MVC\src\app\controllers\UserController.js
- C:\Users\Rafa\Desktop\DEFINITIVO\NODEJS\plantilla-nodejs-MVC\src\app\routes\userRoutes.js
- C:\Users\Rafa\Desktop\DEFINITIVO\NODEJS\plantilla-nodejs-MVC\src\app\routes\index.js
- C:\Users\Rafa\Desktop\DEFINITIVO\NODEJS\plantilla-nodejs-MVC\index.js
    at Module._resolveFilename (node:internal/modules/cjs/loader:995:15)
    at Module._load (node:internal/modules/cjs/loader:841:27)
    at Module.require (node:internal/modules/cjs/loader:1061:19)
    at require (node:internal/modules/cjs/helpers:103:18)
    at Object.<anonymous> (C:\Users\Rafa\Desktop\DEFINITIVO\NODEJS\plantilla-nodejs-MVC\src\app\services\dataAcces\userService.js:4:17)
    at Module._compile (node:internal/modules/cjs/loader:1159:14)
    at Module._extensions..js (node:internal/modules/cjs/loader:1213:10)
    at Module.load (node:internal/modules/cjs/loader:1037:32)
    at Module._load (node:internal/modules/cjs/loader:878:12)
    at Module.require (node:internal/modules/cjs/loader:1061:19)
Error: Cannot find module '../..//UserDTO'
Require stack:
- C:\Users\Rafa\Desktop\DEFINITIVO\NODEJS\plantilla-nodejs-MVC\src\app\services\dataAcces\userService.js
- C:\Users\Rafa\Desktop\DEFINITIVO\NODEJS\plantilla-nodejs-MVC\src\app\controllers\UserController.js
- C:\Users\Rafa\Desktop\DEFINITIVO\NODEJS\plantilla-nodejs-MVC\src\app\routes\userRoutes.js
- C:\Users\Rafa\Desktop\DEFINITIVO\NODEJS\plantilla-nodejs-MVC\src\app\routes\index.js
- C:\Users\Rafa\Desktop\DEFINITIVO\NODEJS\plantilla-nodejs-MVC\index.js
    at Module._resolveFilename (node:internal/modules/cjs/loader:995:15)
    at Module._load (node:internal/modules/cjs/loader:841:27)
    at Module.require (node:internal/modules/cjs/loader:1061:19)
    at require (node:internal/modules/cjs/helpers:103:18)
    at Object.<anonymous> (C:\Users\Rafa\Desktop\DEFINITIVO\NODEJS\plantilla-nodejs-MVC\src\app\services\dataAcces\userService.js:4:17)
    at Module._compile (node:internal/modules/cjs/loader:1159:14)
    at Module._extensions..js (node:internal/modules/cjs/loader:1213:10)
    at Module.load (node:internal/modules/cjs/loader:1037:32)
    at Module._load (node:internal/modules/cjs/loader:878:12)
    at Module.require (node:internal/modules/cjs/loader:1061:19)
2023-07-24 22:05:28 [ERROR]: uncaughtException: Cannot find module '../../dtos/UserDTO'
Require stack:
- C:\Users\Rafa\Desktop\DEFINITIVO\NODEJS\plantilla-nodejs-MVC\src\app\services\dataAcces\userService.js
- C:\Users\Rafa\Desktop\DEFINITIVO\NODEJS\plantilla-nodejs-MVC\src\app\controllers\UserController.js
- C:\Users\Rafa\Desktop\DEFINITIVO\NODEJS\plantilla-nodejs-MVC\src\app\routes\userRoutes.js
- C:\Users\Rafa\Desktop\DEFINITIVO\NODEJS\plantilla-nodejs-MVC\src\app\routes\index.js
- C:\Users\Rafa\Desktop\DEFINITIVO\NODEJS\plantilla-nodejs-MVC\index.js
Error: Cannot find module '../../dtos/UserDTO'
Require stack:
- C:\Users\Rafa\Desktop\DEFINITIVO\NODEJS\plantilla-nodejs-MVC\src\app\services\dataAcces\userService.js
- C:\Users\Rafa\Desktop\DEFINITIVO\NODEJS\plantilla-nodejs-MVC\src\app\controllers\UserController.js
- C:\Users\Rafa\Desktop\DEFINITIVO\NODEJS\plantilla-nodejs-MVC\src\app\routes\userRoutes.js
- C:\Users\Rafa\Desktop\DEFINITIVO\NODEJS\plantilla-nodejs-MVC\src\app\routes\index.js
- C:\Users\Rafa\Desktop\DEFINITIVO\NODEJS\plantilla-nodejs-MVC\index.js
    at Module._resolveFilename (node:internal/modules/cjs/loader:995:15)
    at Module._load (node:internal/modules/cjs/loader:841:27)
    at Module.require (node:internal/modules/cjs/loader:1061:19)
    at require (node:internal/modules/cjs/helpers:103:18)
    at Object.<anonymous> (C:\Users\Rafa\Desktop\DEFINITIVO\NODEJS\plantilla-nodejs-MVC\src\app\services\dataAcces\userService.js:4:17)
    at Module._compile (node:internal/modules/cjs/loader:1159:14)
    at Module._extensions..js (node:internal/modules/cjs/loader:1213:10)
    at Module.load (node:internal/modules/cjs/loader:1037:32)
    at Module._load (node:internal/modules/cjs/loader:878:12)
    at Module.require (node:internal/modules/cjs/loader:1061:19)
Error: Cannot find module '../../dtos/UserDTO'
Require stack:
- C:\Users\Rafa\Desktop\DEFINITIVO\NODEJS\plantilla-nodejs-MVC\src\app\services\dataAcces\userService.js
- C:\Users\Rafa\Desktop\DEFINITIVO\NODEJS\plantilla-nodejs-MVC\src\app\controllers\UserController.js
- C:\Users\Rafa\Desktop\DEFINITIVO\NODEJS\plantilla-nodejs-MVC\src\app\routes\userRoutes.js
- C:\Users\Rafa\Desktop\DEFINITIVO\NODEJS\plantilla-nodejs-MVC\src\app\routes\index.js
- C:\Users\Rafa\Desktop\DEFINITIVO\NODEJS\plantilla-nodejs-MVC\index.js
    at Module._resolveFilename (node:internal/modules/cjs/loader:995:15)
    at Module._load (node:internal/modules/cjs/loader:841:27)
    at Module.require (node:internal/modules/cjs/loader:1061:19)
    at require (node:internal/modules/cjs/helpers:103:18)
    at Object.<anonymous> (C:\Users\Rafa\Desktop\DEFINITIVO\NODEJS\plantilla-nodejs-MVC\src\app\services\dataAcces\userService.js:4:17)
    at Module._compile (node:internal/modules/cjs/loader:1159:14)
    at Module._extensions..js (node:internal/modules/cjs/loader:1213:10)
    at Module.load (node:internal/modules/cjs/loader:1037:32)
    at Module._load (node:internal/modules/cjs/loader:878:12)
    at Module.require (node:internal/modules/cjs/loader:1061:19)
2023-07-24 22:05:41 [ERROR]: uncaughtException: connectToDatabase is not a function
TypeError: connectToDatabase is not a function
    at Object.<anonymous> (C:\Users\Rafa\Desktop\DEFINITIVO\NODEJS\plantilla-nodejs-MVC\index.js:15:1)
    at Module._compile (node:internal/modules/cjs/loader:1159:14)
    at Module._extensions..js (node:internal/modules/cjs/loader:1213:10)
    at Module.load (node:internal/modules/cjs/loader:1037:32)
    at Module._load (node:internal/modules/cjs/loader:878:12)
    at Function.executeUserEntryPoint [as runMain] (node:internal/modules/run_main:81:12)
    at node:internal/main/run_main_module:23:47
TypeError: connectToDatabase is not a function
    at Object.<anonymous> (C:\Users\Rafa\Desktop\DEFINITIVO\NODEJS\plantilla-nodejs-MVC\index.js:15:1)
    at Module._compile (node:internal/modules/cjs/loader:1159:14)
    at Module._extensions..js (node:internal/modules/cjs/loader:1213:10)
    at Module.load (node:internal/modules/cjs/loader:1037:32)
    at Module._load (node:internal/modules/cjs/loader:878:12)
    at Function.executeUserEntryPoint [as runMain] (node:internal/modules/run_main:81:12)
    at node:internal/main/run_main_module:23:47
2023-07-24 22:06:39 [ERROR]: uncaughtException: connectToDatabase is not a function
TypeError: connectToDatabase is not a function
    at Object.<anonymous> (C:\Users\Rafa\Desktop\DEFINITIVO\NODEJS\plantilla-nodejs-MVC\index.js:15:1)
    at Module._compile (node:internal/modules/cjs/loader:1159:14)
    at Module._extensions..js (node:internal/modules/cjs/loader:1213:10)
    at Module.load (node:internal/modules/cjs/loader:1037:32)
    at Module._load (node:internal/modules/cjs/loader:878:12)
    at Function.executeUserEntryPoint [as runMain] (node:internal/modules/run_main:81:12)
    at node:internal/main/run_main_module:23:47
TypeError: connectToDatabase is not a function
    at Object.<anonymous> (C:\Users\Rafa\Desktop\DEFINITIVO\NODEJS\plantilla-nodejs-MVC\index.js:15:1)
    at Module._compile (node:internal/modules/cjs/loader:1159:14)
    at Module._extensions..js (node:internal/modules/cjs/loader:1213:10)
    at Module.load (node:internal/modules/cjs/loader:1037:32)
    at Module._load (node:internal/modules/cjs/loader:878:12)
    at Function.executeUserEntryPoint [as runMain] (node:internal/modules/run_main:81:12)
    at node:internal/main/run_main_module:23:47
2023-07-24 22:06:51 [ERROR]: uncaughtException: connectToDatabase is not defined
ReferenceError: connectToDatabase is not defined
    at Object.<anonymous> (C:\Users\Rafa\Desktop\DEFINITIVO\NODEJS\plantilla-nodejs-MVC\index.js:15:1)
    at Module._compile (node:internal/modules/cjs/loader:1159:14)
    at Module._extensions..js (node:internal/modules/cjs/loader:1213:10)
    at Module.load (node:internal/modules/cjs/loader:1037:32)
    at Module._load (node:internal/modules/cjs/loader:878:12)
    at Function.executeUserEntryPoint [as runMain] (node:internal/modules/run_main:81:12)
    at node:internal/main/run_main_module:23:47
ReferenceError: connectToDatabase is not defined
    at Object.<anonymous> (C:\Users\Rafa\Desktop\DEFINITIVO\NODEJS\plantilla-nodejs-MVC\index.js:15:1)
    at Module._compile (node:internal/modules/cjs/loader:1159:14)
    at Module._extensions..js (node:internal/modules/cjs/loader:1213:10)
    at Module.load (node:internal/modules/cjs/loader:1037:32)
    at Module._load (node:internal/modules/cjs/loader:878:12)
    at Function.executeUserEntryPoint [as runMain] (node:internal/modules/run_main:81:12)
    at node:internal/main/run_main_module:23:47
2023-07-24 22:06:54 [ERROR]: uncaughtException: databaseconnectToDatabase is not defined
ReferenceError: databaseconnectToDatabase is not defined
    at Object.<anonymous> (C:\Users\Rafa\Desktop\DEFINITIVO\NODEJS\plantilla-nodejs-MVC\index.js:15:1)
    at Module._compile (node:internal/modules/cjs/loader:1159:14)
    at Module._extensions..js (node:internal/modules/cjs/loader:1213:10)
    at Module.load (node:internal/modules/cjs/loader:1037:32)
    at Module._load (node:internal/modules/cjs/loader:878:12)
    at Function.executeUserEntryPoint [as runMain] (node:internal/modules/run_main:81:12)
    at node:internal/main/run_main_module:23:47
ReferenceError: databaseconnectToDatabase is not defined
    at Object.<anonymous> (C:\Users\Rafa\Desktop\DEFINITIVO\NODEJS\plantilla-nodejs-MVC\index.js:15:1)
    at Module._compile (node:internal/modules/cjs/loader:1159:14)
    at Module._extensions..js (node:internal/modules/cjs/loader:1213:10)
    at Module.load (node:internal/modules/cjs/loader:1037:32)
    at Module._load (node:internal/modules/cjs/loader:878:12)
    at Function.executeUserEntryPoint [as runMain] (node:internal/modules/run_main:81:12)
    at node:internal/main/run_main_module:23:47
